SF:lib/models/vocab.dart
DA:24,1
DA:42,1
DA:43,1
DA:44,1
DA:45,1
DA:46,1
DA:47,1
DA:48,1
DA:49,1
DA:50,1
DA:51,1
DA:52,1
DA:53,1
DA:54,2
DA:55,2
DA:56,1
DA:57,2
DA:58,2
DA:62,1
DA:63,1
DA:64,1
DA:65,1
DA:66,1
DA:67,1
DA:68,1
DA:69,1
DA:70,1
DA:71,1
DA:72,1
DA:73,1
DA:74,1
DA:75,2
DA:77,1
DA:78,2
DA:80,2
DA:81,2
DA:82,2
DA:87,1
DA:104,1
DA:105,1
DA:106,1
DA:107,1
DA:108,1
DA:109,1
DA:110,1
DA:111,1
DA:112,1
DA:113,1
DA:114,1
DA:115,1
DA:116,1
DA:117,1
DA:118,1
DA:119,1
DA:123,1
DA:126,1
DA:127,3
DA:128,3
DA:129,3
DA:130,3
DA:131,3
DA:132,3
DA:133,3
DA:134,3
DA:135,3
DA:136,3
DA:137,3
DA:138,3
DA:139,3
DA:140,3
DA:141,3
DA:144,1
DA:146,1
DA:147,1
DA:148,1
DA:149,1
DA:150,1
DA:151,1
DA:152,1
DA:153,1
DA:154,1
DA:155,1
DA:156,1
DA:157,1
DA:158,1
DA:159,1
DA:160,1
DA:161,1
DA:165,1
DA:167,16
LF:90
LH:90
end_of_record
SF:lib/models/review_log.dart
DA:8,1
DA:16,1
DA:17,1
DA:18,1
DA:19,1
DA:20,2
DA:21,1
DA:22,1
DA:26,1
DA:27,1
DA:28,1
DA:29,1
DA:30,2
DA:31,1
DA:32,1
DA:37,1
DA:44,1
DA:45,1
DA:46,1
DA:47,1
DA:48,1
DA:49,1
DA:53,1
DA:56,1
DA:57,3
DA:58,3
DA:59,3
DA:60,3
DA:61,3
DA:64,1
DA:66,1
DA:67,1
DA:68,1
DA:69,1
DA:70,1
DA:71,1
DA:75,1
DA:77,6
LF:38
LH:38
end_of_record
SF:lib/models/kanji.dart
DA:21,1
DA:39,1
DA:40,1
DA:41,1
DA:42,1
DA:43,1
DA:44,1
DA:45,1
DA:46,1
DA:47,1
DA:48,1
DA:49,1
DA:50,1
DA:51,1
DA:52,1
DA:53,1
DA:54,2
DA:55,2
DA:59,1
DA:60,1
DA:61,1
DA:62,1
DA:63,1
DA:64,1
DA:65,1
DA:66,1
DA:67,1
DA:68,2
DA:69,1
DA:70,1
DA:71,1
DA:72,0
DA:74,1
DA:75,0
DA:77,2
DA:78,2
DA:79,2
DA:83,1
DA:100,1
DA:101,1
DA:102,1
DA:103,1
DA:104,1
DA:105,0
DA:106,1
DA:107,1
DA:108,1
DA:109,1
DA:110,1
DA:111,1
DA:112,1
DA:113,1
DA:114,1
DA:115,1
DA:119,0
DA:122,0
DA:123,0
DA:124,0
DA:125,0
DA:126,0
DA:127,0
DA:128,0
DA:129,0
DA:130,0
DA:131,0
DA:132,0
DA:133,0
DA:134,0
DA:135,0
DA:136,0
DA:137,0
DA:140,0
DA:142,0
DA:143,0
DA:144,0
DA:145,0
DA:146,0
DA:147,0
DA:148,0
DA:149,0
DA:150,0
DA:151,0
DA:152,0
DA:153,0
DA:154,0
DA:155,0
DA:156,0
DA:157,0
DA:161,0
DA:163,0
DA:174,0
DA:182,0
DA:183,0
DA:184,0
DA:185,0
DA:186,0
DA:187,0
DA:188,0
DA:192,0
DA:193,0
DA:194,0
DA:195,0
DA:196,0
DA:197,0
DA:198,0
LF:105
LH:51
end_of_record
SF:lib/services/database_service.dart
DA:19,1
DA:22,0
DA:24,0
DA:25,0
DA:29,0
DA:30,0
DA:32,0
DA:34,0
DA:38,0
DA:40,0
DA:43,0
DA:44,0
DA:47,0
DA:50,0
DA:51,0
DA:54,0
DA:57,0
DA:58,0
DA:63,0
DA:65,0
DA:66,0
DA:72,0
DA:73,0
DA:74,0
DA:77,0
DA:79,0
DA:99,0
DA:111,0
DA:132,0
DA:144,0
DA:145,0
DA:146,0
DA:147,0
DA:149,0
DA:150,0
DA:151,0
DA:152,0
DA:155,0
DA:158,0
DA:160,0
DA:161,0
DA:163,0
DA:164,0
DA:171,0
DA:172,0
DA:175,0
DA:178,0
DA:179,0
DA:182,0
DA:184,0
DA:185,0
DA:189,0
DA:190,0
DA:191,0
DA:194,0
DA:197,0
DA:198,0
DA:201,0
DA:202,0
DA:204,0
DA:205,0
DA:209,0
DA:210,0
DA:213,0
DA:216,0
DA:217,0
DA:220,0
DA:222,0
DA:223,0
DA:227,0
DA:236,0
DA:237,0
DA:239,0
DA:251,0
DA:252,0
DA:257,0
DA:267,0
DA:268,0
DA:271,0
DA:274,0
DA:275,0
DA:276,0
DA:277,0
DA:278,0
DA:279,0
DA:280,0
DA:281,0
DA:283,0
DA:285,0
DA:287,0
DA:292,0
DA:293,0
DA:294,0
DA:297,0
DA:298,0
DA:300,0
DA:302,0
DA:304,0
DA:309,0
DA:310,0
DA:311,0
DA:314,0
DA:315,0
DA:318,0
DA:323,0
DA:324,0
DA:325,0
DA:328,0
DA:332,0
DA:333,0
DA:337,0
DA:338,0
DA:344,0
DA:347,0
DA:348,0
DA:351,0
DA:353,0
DA:354,0
DA:360,0
DA:361,0
DA:364,0
DA:367,0
DA:368,0
DA:371,0
DA:373,0
DA:374,0
DA:378,0
DA:379,0
DA:380,0
DA:383,0
DA:386,0
DA:387,0
DA:390,0
DA:391,0
DA:393,0
DA:394,0
DA:398,0
DA:407,0
DA:408,0
DA:410,0
DA:422,0
DA:423,0
DA:428,0
DA:438,0
DA:439,0
DA:442,0
DA:444,0
DA:445,0
DA:446,0
DA:447,0
DA:448,0
DA:449,0
DA:450,0
DA:451,0
DA:453,0
DA:455,0
DA:457,0
DA:462,0
DA:463,0
DA:464,0
DA:467,0
DA:468,0
DA:470,0
DA:472,0
DA:474,0
DA:479,0
DA:480,0
DA:481,0
DA:484,0
DA:485,0
DA:488,0
DA:493,0
DA:499,0
DA:500,0
DA:503,0
DA:504,0
DA:505,0
DA:506,0
DA:511,0
DA:517,0
DA:523,0
DA:524,0
DA:527,0
DA:528,0
DA:529,0
DA:530,0
DA:535,0
DA:539,0
DA:540,0
DA:541,0
DA:544,0
DA:548,0
DA:554,0
DA:555,0
DA:558,0
DA:561,0
DA:562,0
DA:565,0
DA:566,0
DA:570,0
DA:571,0
DA:572,0
DA:575,0
DA:578,0
DA:579,0
DA:582,0
DA:583,0
DA:587,0
DA:588,0
DA:591,0
DA:594,0
DA:595,0
DA:598,0
DA:599,0
DA:605,0
DA:606,0
DA:608,0
DA:609,0
DA:612,0
DA:614,0
DA:620,0
DA:621,0
DA:623,0
DA:624,0
DA:627,0
DA:629,0
DA:637,0
DA:639,0
DA:641,0
DA:646,0
DA:647,0
DA:648,0
DA:649,0
DA:650,0
DA:651,0
DA:655,0
DA:656,0
DA:657,0
DA:658,0
DA:659,0
DA:660,0
DA:661,0
DA:667,0
DA:668,0
DA:671,0
DA:673,0
DA:674,0
DA:675,0
DA:676,0
DA:679,0
DA:680,0
DA:681,0
DA:685,0
DA:686,0
DA:687,0
DA:694,0
DA:695,0
DA:696,0
DA:697,0
DA:701,0
DA:702,0
DA:703,0
DA:704,0
DA:706,0
DA:707,0
DA:708,0
DA:712,0
DA:713,0
DA:714,0
DA:715,0
DA:719,0
DA:720,0
DA:721,0
DA:722,0
DA:723,0
DA:724,0
DA:726,0
DA:727,0
DA:729,0
DA:731,0
DA:732,0
DA:734,0
DA:735,0
DA:736,0
DA:738,0
DA:739,0
DA:740,0
DA:746,0
DA:747,0
DA:749,0
DA:751,0
DA:752,0
DA:753,0
DA:755,0
DA:757,0
DA:758,0
DA:759,0
DA:760,0
DA:768,0
LF:299
LH:1
end_of_record
SF:lib/services/srs_service.dart
DA:31,0
DA:38,0
DA:39,0
DA:40,0
DA:43,0
DA:44,0
DA:47,0
DA:50,0
DA:53,0
DA:56,0
DA:57,0
DA:58,0
DA:59,0
DA:60,0
DA:61,0
DA:63,0
DA:65,0
DA:74,0
DA:76,0
DA:84,0
DA:87,0
DA:90,0
DA:94,0
DA:101,0
DA:102,0
DA:106,0
DA:110,0
DA:111,0
DA:116,0
DA:117,0
DA:118,0
DA:121,0
DA:122,0
DA:123,0
DA:124,0
DA:125,0
DA:127,0
DA:132,0
DA:133,0
DA:138,0
DA:139,0
DA:140,0
DA:144,0
DA:145,0
DA:146,0
DA:149,0
DA:154,0
DA:156,0
DA:160,0
DA:161,0
DA:170,0
DA:171,0
DA:172,0
DA:173,0
DA:174,0
DA:175,0
DA:176,0
DA:177,0
DA:180,0
DA:183,0
DA:184,0
DA:187,0
DA:188,0
DA:190,0
DA:198,0
LF:65
LH:0
end_of_record
SF:lib/models/grammar.dart
DA:8,4
DA:16,2
DA:17,2
DA:18,2
DA:19,2
DA:20,2
DA:21,2
DA:22,2
DA:26,1
DA:27,1
DA:28,2
DA:29,2
DA:30,2
DA:31,1
DA:32,2
LF:15
LH:15
end_of_record
SF:lib/ui/screens/grammar_detail_screen.dart
DA:8,1
DA:10,1
DA:11,1
DA:17,1
DA:19,2
DA:20,1
DA:21,1
DA:22,2
DA:23,1
DA:24,1
DA:26,0
DA:28,1
DA:30,0
DA:31,0
DA:36,1
DA:37,1
DA:38,2
DA:39,3
LF:18
LH:15
end_of_record
SF:lib/ui/screens/add_edit_grammar_screen.dart
DA:7,1
DA:9,1
DA:10,1
DA:21,1
DA:23,1
DA:24,2
DA:26,2
DA:27,2
DA:28,2
DA:29,2
DA:30,2
DA:34,1
DA:36,1
DA:38,4
DA:39,1
DA:40,1
DA:41,1
DA:43,1
DA:44,1
DA:45,1
DA:47,0
DA:48,0
DA:49,0
DA:51,1
DA:52,1
DA:54,0
DA:55,0
DA:56,0
DA:58,1
DA:60,1
DA:62,4
DA:63,1
DA:64,0
DA:66,1
DA:67,1
DA:69,0
DA:70,0
DA:72,1
DA:75,1
DA:76,2
DA:77,0
DA:78,0
DA:81,1
DA:84,0
DA:85,0
DA:86,0
DA:87,0
DA:88,0
DA:89,0
DA:90,0
DA:91,0
DA:92,0
DA:93,0
LF:53
LH:32
end_of_record
SF:lib/ui/widgets/simple_markdown_editor.dart
DA:11,1
DA:21,1
DA:22,1
DA:28,1
DA:30,1
DA:31,1
DA:32,5
DA:33,3
DA:36,1
DA:38,2
DA:39,2
DA:41,1
DA:44,1
DA:45,5
DA:48,0
DA:49,0
DA:50,0
DA:51,0
DA:52,0
DA:54,0
DA:55,0
DA:56,0
DA:59,0
DA:60,0
DA:65,1
DA:67,1
DA:69,1
DA:70,1
DA:72,1
DA:73,1
DA:75,1
DA:78,0
DA:81,1
DA:84,0
DA:87,1
DA:89,0
DA:91,0
DA:92,0
DA:93,0
DA:94,0
DA:98,1
DA:100,0
DA:102,0
DA:103,0
DA:105,0
DA:106,0
DA:107,0
DA:108,0
DA:109,0
DA:113,1
DA:115,0
DA:118,1
DA:120,0
DA:123,1
DA:125,0
DA:132,1
DA:133,1
DA:134,2
DA:135,1
DA:136,2
DA:140,2
DA:141,1
DA:142,2
LF:63
LH:35
end_of_record
SF:lib/app.dart
DA:9,1
DA:11,0
DA:13,0
DA:14,0
DA:15,0
DA:16,0
DA:19,0
DA:20,0
DA:21,0
DA:22,0
LF:10
LH:1
end_of_record
SF:lib/locator.dart
DA:6,3
DA:8,0
DA:9,0
DA:10,0
DA:11,0
DA:13,0
DA:14,0
LF:7
LH:1
end_of_record
SF:lib/controllers/settings_controller.dart
DA:11,0
DA:12,0
DA:13,0
DA:14,0
LF:4
LH:0
end_of_record
SF:lib/controllers/level_controller.dart
DA:6,0
LF:1
LH:0
end_of_record
SF:lib/router.dart
DA:22,0
DA:23,0
DA:24,0
DA:26,0
DA:27,0
DA:28,0
DA:31,0
DA:32,0
DA:33,0
DA:34,0
DA:35,0
DA:36,0
DA:37,0
DA:39,0
DA:40,0
DA:41,0
DA:44,0
DA:45,0
DA:46,0
DA:47,0
DA:49,0
DA:50,0
DA:51,0
DA:54,0
DA:56,0
DA:57,0
DA:58,0
DA:61,0
DA:62,0
DA:64,0
DA:65,0
DA:66,0
LF:32
LH:0
end_of_record
SF:lib/theme.dart
DA:5,0
DA:7,0
DA:13,0
DA:14,0
DA:18,0
DA:19,0
DA:22,0
DA:25,0
DA:29,0
DA:30,0
DA:32,0
DA:33,0
DA:34,0
DA:35,0
DA:47,0
DA:48,0
DA:49,0
DA:50,0
DA:53,0
DA:56,0
DA:57,0
DA:60,0
DA:63,0
DA:64,0
DA:67,0
DA:70,0
DA:73,0
DA:75,0
DA:76,0
DA:77,0
DA:78,0
DA:81,0
LF:32
LH:0
end_of_record
SF:lib/services/kanji_srs_service.dart
DA:13,0
DA:15,0
DA:16,0
DA:17,0
DA:20,0
DA:21,0
DA:23,0
DA:24,0
DA:26,0
DA:28,0
DA:29,0
DA:30,0
DA:31,0
DA:32,0
DA:33,0
DA:35,0
DA:36,0
DA:44,0
DA:46,0
DA:52,0
DA:54,0
DA:55,0
DA:58,0
DA:63,0
DA:64,0
DA:66,0
DA:69,0
DA:70,0
DA:73,0
DA:74,0
DA:75,0
LF:31
LH:0
end_of_record
SF:lib/ui/screens/main_screen.dart
DA:9,1
DA:11,0
DA:12,0
DA:18,0
DA:19,0
DA:20,0
DA:22,0
DA:23,0
DA:26,0
DA:28,0
DA:29,0
DA:30,0
DA:31,0
DA:33,0
LF:14
LH:1
end_of_record
SF:lib/ui/screens/add_edit_vocab_screen.dart
DA:10,0
DA:11,0
DA:12,0
DA:26,0
DA:28,0
DA:29,0
DA:30,0
DA:31,0
DA:32,0
DA:33,0
DA:34,0
DA:35,0
DA:39,0
DA:40,0
DA:42,0
DA:43,0
DA:48,0
DA:50,0
DA:51,0
DA:52,0
DA:53,0
DA:54,0
DA:56,0
DA:57,0
DA:58,0
DA:59,0
DA:62,0
DA:63,0
DA:64,0
DA:65,0
DA:67,0
DA:68,0
DA:69,0
DA:70,0
DA:71,0
DA:73,0
DA:89,0
DA:90,0
DA:92,0
DA:93,0
DA:95,0
DA:96,0
DA:98,0
DA:99,0
DA:101,0
DA:102,0
DA:104,0
DA:105,0
DA:107,0
DA:109,0
DA:111,0
DA:112,0
DA:113,0
DA:115,0
DA:116,0
DA:118,0
DA:122,0
DA:125,0
DA:126,0
DA:127,0
DA:130,0
DA:131,0
DA:141,0
DA:142,0
DA:143,0
DA:144,0
DA:145,0
DA:146,0
DA:147,0
DA:148,0
DA:150,0
DA:151,0
DA:152,0
DA:153,0
DA:154,0
DA:155,0
DA:156,0
DA:157,0
DA:160,0
DA:161,0
DA:162,0
DA:163,0
DA:169,0
DA:171,0
DA:172,0
DA:173,0
DA:174,0
LF:87
LH:0
end_of_record
SF:lib/ui/screens/flashcards_screen.dart
DA:12,1
DA:13,0
DA:14,0
DA:26,0
DA:28,0
DA:29,0
DA:32,0
DA:33,0
DA:34,0
DA:35,0
DA:36,0
DA:37,0
DA:38,0
DA:39,0
DA:43,0
DA:44,0
DA:45,0
DA:46,0
DA:47,0
DA:48,0
DA:51,0
DA:52,0
DA:53,0
DA:58,0
DA:60,0
DA:61,0
DA:62,0
DA:67,0
DA:69,0
DA:70,0
DA:71,0
DA:73,0
DA:74,0
DA:75,0
DA:77,0
DA:78,0
DA:79,0
DA:80,0
DA:81,0
DA:82,0
DA:84,0
DA:86,0
DA:87,0
DA:88,0
DA:90,0
DA:91,0
DA:92,0
DA:93,0
DA:96,0
DA:101,0
DA:102,0
DA:103,0
DA:104,0
DA:105,0
DA:106,0
DA:107,0
DA:108,0
DA:109,0
DA:112,0
DA:114,0
DA:115,0
DA:116,0
DA:118,0
DA:119,0
DA:120,0
DA:121,0
DA:124,0
DA:129,0
DA:131,0
DA:132,0
DA:134,0
DA:135,0
DA:139,0
DA:148,0
DA:152,0
DA:153,0
DA:154,0
DA:155,0
DA:156,0
DA:157,0
DA:158,0
DA:159,0
DA:160,0
LF:83
LH:1
end_of_record
SF:lib/ui/screens/quiz_screen.dart
DA:12,1
DA:13,0
DA:14,0
DA:29,0
DA:31,0
DA:32,0
DA:35,0
DA:36,0
DA:37,0
DA:38,0
DA:39,0
DA:40,0
DA:41,0
DA:42,0
DA:43,0
DA:46,0
DA:47,0
DA:48,0
DA:51,0
DA:52,0
DA:53,0
DA:54,0
DA:55,0
DA:58,0
DA:59,0
DA:60,0
DA:61,0
DA:62,0
DA:63,0
DA:65,0
DA:66,0
DA:67,0
DA:69,0
DA:70,0
DA:71,0
DA:72,0
DA:73,0
DA:74,0
DA:75,0
DA:85,0
DA:87,0
DA:88,0
DA:89,0
DA:93,0
DA:94,0
DA:95,0
DA:97,0
DA:99,0
DA:100,0
DA:101,0
DA:103,0
DA:104,0
DA:106,0
DA:108,0
DA:111,0
DA:112,0
DA:114,0
DA:115,0
DA:116,0
DA:117,0
DA:118,0
DA:119,0
DA:120,0
DA:121,0
DA:123,0
DA:125,0
DA:126,0
DA:127,0
DA:128,0
DA:134,0
DA:137,0
DA:138,0
DA:139,0
DA:140,0
DA:141,0
DA:144,0
DA:145,0
LF:77
LH:1
end_of_record
SF:lib/ui/screens/true_false_quiz_screen.dart
DA:12,1
DA:13,0
DA:14,0
DA:29,0
DA:31,0
DA:32,0
DA:35,0
DA:36,0
DA:37,0
DA:38,0
DA:39,0
DA:40,0
DA:41,0
DA:42,0
DA:43,0
DA:46,0
DA:47,0
DA:48,0
DA:51,0
DA:52,0
DA:53,0
DA:54,0
DA:55,0
DA:56,0
DA:57,0
DA:58,0
DA:59,0
DA:60,0
DA:61,0
DA:64,0
DA:65,0
DA:66,0
DA:67,0
DA:68,0
DA:69,0
DA:71,0
DA:72,0
DA:73,0
DA:75,0
DA:76,0
DA:77,0
DA:78,0
DA:79,0
DA:80,0
DA:81,0
DA:91,0
DA:93,0
DA:94,0
DA:95,0
DA:99,0
DA:100,0
DA:101,0
DA:103,0
DA:105,0
DA:106,0
DA:107,0
DA:109,0
DA:110,0
DA:112,0
DA:113,0
DA:114,0
DA:116,0
DA:118,0
DA:120,0
DA:125,0
DA:126,0
DA:127,0
DA:128,0
DA:129,0
DA:130,0
DA:131,0
DA:132,0
DA:133,0
DA:135,0
DA:139,0
DA:145,0
DA:146,0
DA:147,0
DA:148,0
DA:149,0
DA:150,0
DA:151,0
DA:152,0
DA:153,0
DA:155,0
DA:159,0
DA:165,0
LF:87
LH:1
end_of_record
SF:lib/ui/screens/fill_in_blank_quiz_screen.dart
DA:12,1
DA:13,0
DA:14,0
DA:28,0
DA:30,0
DA:31,0
DA:34,0
DA:35,0
DA:36,0
DA:37,0
DA:38,0
DA:39,0
DA:40,0
DA:41,0
DA:42,0
DA:45,0
DA:46,0
DA:47,0
DA:50,0
DA:51,0
DA:54,0
DA:55,0
DA:56,0
DA:57,0
DA:58,0
DA:59,0
DA:61,0
DA:62,0
DA:63,0
DA:65,0
DA:66,0
DA:67,0
DA:68,0
DA:69,0
DA:70,0
DA:71,0
DA:81,0
DA:83,0
DA:84,0
DA:85,0
DA:89,0
DA:90,0
DA:91,0
DA:93,0
DA:95,0
DA:96,0
DA:97,0
DA:99,0
DA:100,0
DA:102,0
DA:104,0
DA:107,0
DA:108,0
DA:113,0
DA:114,0
DA:115,0
DA:116,0
DA:117,0
DA:118,0
DA:119,0
DA:120,0
DA:121,0
DA:122,0
DA:124,0
DA:128,0
DA:134,0
LF:66
LH:1
end_of_record
SF:lib/ui/screens/matching_quiz_screen.dart
DA:12,1
DA:13,0
DA:14,0
DA:29,0
DA:31,0
DA:32,0
DA:35,0
DA:36,0
DA:37,0
DA:38,0
DA:39,0
DA:40,0
DA:41,0
DA:42,0
DA:45,0
DA:46,0
DA:47,0
DA:48,0
DA:51,0
DA:52,0
DA:53,0
DA:54,0
DA:55,0
DA:58,0
DA:59,0
DA:60,0
DA:62,0
DA:63,0
DA:64,0
DA:65,0
DA:66,0
DA:67,0
DA:68,0
DA:69,0
DA:70,0
DA:71,0
DA:74,0
DA:78,0
DA:79,0
DA:80,0
DA:81,0
DA:83,0
DA:87,0
DA:88,0
DA:89,0
DA:90,0
DA:91,0
DA:92,0
DA:94,0
DA:95,0
DA:96,0
DA:98,0
DA:99,0
DA:100,0
DA:101,0
DA:102,0
DA:103,0
DA:104,0
DA:114,0
DA:116,0
DA:117,0
DA:118,0
DA:122,0
DA:123,0
DA:124,0
DA:126,0
DA:127,0
DA:128,0
DA:129,0
DA:130,0
DA:131,0
DA:132,0
DA:133,0
DA:134,0
DA:135,0
DA:137,0
DA:138,0
DA:139,0
DA:142,0
DA:143,0
DA:144,0
DA:146,0
DA:153,0
DA:154,0
DA:155,0
DA:156,0
DA:157,0
DA:159,0
DA:160,0
DA:161,0
DA:164,0
DA:165,0
DA:166,0
DA:168,0
DA:178,0
DA:179,0
LF:96
LH:1
end_of_record
SF:lib/ui/screens/time_attack_quiz_screen.dart
DA:12,1
DA:13,0
DA:14,0
DA:29,0
DA:31,0
DA:32,0
DA:35,0
DA:36,0
DA:37,0
DA:38,0
DA:39,0
DA:40,0
DA:41,0
DA:42,0
DA:43,0
DA:45,0
DA:48,0
DA:51,0
DA:52,0
DA:53,0
DA:54,0
DA:55,0
DA:57,0
DA:58,0
DA:59,0
DA:60,0
DA:61,0
DA:64,0
DA:65,0
DA:66,0
DA:67,0
DA:68,0
DA:69,0
DA:72,0
DA:73,0
DA:74,0
DA:75,0
DA:78,0
DA:81,0
DA:83,0
DA:84,0
DA:85,0
DA:89,0
DA:90,0
DA:91,0
DA:93,0
DA:95,0
DA:96,0
DA:97,0
DA:99,0
DA:100,0
DA:102,0
DA:104,0
DA:107,0
DA:108,0
DA:110,0
DA:111,0
DA:112,0
DA:115,0
DA:116,0
DA:123,0
DA:125,0
DA:126,0
LF:63
LH:1
end_of_record
SF:lib/ui/screens/kanji_flashcards_screen.dart
DA:11,1
DA:12,0
DA:13,0
DA:24,0
DA:26,0
DA:27,0
DA:30,0
DA:31,0
DA:32,0
DA:33,0
DA:34,0
DA:35,0
DA:36,0
DA:37,0
DA:41,0
DA:42,0
DA:43,0
DA:44,0
DA:45,0
DA:46,0
DA:49,0
DA:50,0
DA:51,0
DA:56,0
DA:58,0
DA:59,0
DA:60,0
DA:65,0
DA:67,0
DA:68,0
DA:69,0
DA:71,0
DA:72,0
DA:73,0
DA:75,0
DA:76,0
DA:77,0
DA:78,0
DA:79,0
DA:80,0
DA:82,0
DA:83,0
DA:84,0
DA:86,0
DA:87,0
DA:89,0
DA:91,0
DA:92,0
DA:93,0
DA:96,0
DA:105,0
DA:109,0
DA:110,0
DA:111,0
DA:112,0
DA:113,0
DA:114,0
DA:115,0
DA:116,0
DA:117,0
LF:60
LH:1
end_of_record
SF:lib/ui/screens/kanji_quiz_screen.dart
DA:12,1
DA:13,0
DA:14,0
DA:28,0
DA:30,0
DA:31,0
DA:34,0
DA:35,0
DA:36,0
DA:37,0
DA:38,0
DA:39,0
DA:40,0
DA:41,0
DA:42,0
DA:45,0
DA:46,0
DA:47,0
DA:50,0
DA:51,0
DA:52,0
DA:53,0
DA:54,0
DA:57,0
DA:58,0
DA:59,0
DA:60,0
DA:61,0
DA:62,0
DA:64,0
DA:65,0
DA:66,0
DA:68,0
DA:69,0
DA:70,0
DA:71,0
DA:72,0
DA:73,0
DA:74,0
DA:84,0
DA:86,0
DA:87,0
DA:88,0
DA:92,0
DA:93,0
DA:94,0
DA:96,0
DA:98,0
DA:99,0
DA:100,0
DA:102,0
DA:103,0
DA:105,0
DA:107,0
DA:110,0
DA:111,0
DA:113,0
DA:114,0
DA:115,0
DA:116,0
DA:117,0
DA:119,0
DA:120,0
DA:121,0
DA:122,0
DA:124,0
DA:128,0
DA:131,0
DA:134,0
DA:135,0
LF:70
LH:1
end_of_record
SF:lib/ui/screens/add_edit_kanji_screen.dart
DA:8,0
DA:10,0
DA:11,0
DA:24,0
DA:26,0
DA:27,0
DA:28,0
DA:29,0
DA:30,0
DA:31,0
DA:32,0
DA:33,0
DA:37,0
DA:39,0
DA:40,0
DA:41,0
DA:42,0
DA:43,0
DA:45,0
DA:46,0
DA:47,0
DA:49,0
DA:50,0
DA:52,0
DA:53,0
DA:55,0
DA:56,0
DA:58,0
DA:59,0
DA:61,0
DA:62,0
DA:64,0
DA:65,0
DA:67,0
DA:68,0
DA:70,0
DA:71,0
DA:73,0
DA:74,0
DA:76,0
DA:78,0
DA:80,0
DA:81,0
DA:82,0
DA:85,0
DA:88,0
DA:89,0
DA:90,0
DA:92,0
DA:93,0
DA:101,0
DA:102,0
DA:103,0
DA:104,0
DA:105,0
DA:106,0
DA:107,0
DA:108,0
DA:111,0
DA:112,0
DA:113,0
DA:114,0
DA:115,0
DA:116,0
DA:117,0
DA:118,0
DA:121,0
DA:122,0
DA:123,0
DA:124,0
DA:130,0
DA:132,0
DA:133,0
DA:134,0
DA:135,0
LF:75
LH:0
end_of_record
SF:lib/ui/screens/grammar_quiz_screen.dart
DA:13,1
DA:15,0
DA:16,0
DA:30,0
DA:32,0
DA:33,0
DA:36,0
DA:39,0
DA:40,0
DA:41,0
DA:42,0
DA:43,0
DA:44,0
DA:45,0
DA:46,0
DA:47,0
DA:48,0
DA:49,0
DA:52,0
DA:53,0
DA:57,0
DA:58,0
DA:59,0
DA:62,0
DA:63,0
DA:64,0
DA:65,0
DA:66,0
DA:67,0
DA:68,0
DA:71,0
DA:72,0
DA:73,0
DA:74,0
DA:75,0
DA:76,0
DA:77,0
DA:78,0
DA:79,0
DA:81,0
DA:84,0
DA:86,0
DA:87,0
DA:88,0
DA:89,0
DA:90,0
DA:91,0
DA:92,0
DA:94,0
DA:95,0
DA:97,0
DA:98,0
DA:99,0
DA:107,0
DA:108,0
DA:109,0
DA:110,0
DA:111,0
DA:112,0
DA:114,0
DA:115,0
DA:117,0
DA:118,0
DA:119,0
DA:124,0
DA:126,0
DA:128,0
DA:129,0
DA:130,0
DA:132,0
DA:133,0
DA:135,0
DA:137,0
DA:140,0
DA:141,0
DA:143,0
DA:144,0
DA:145,0
DA:146,0
DA:147,0
DA:148,0
DA:150,0
DA:153,0
DA:154,0
DA:155,0
DA:157,0
DA:161,0
DA:164,0
DA:167,0
DA:168,0
DA:175,0
DA:176,0
DA:177,0
DA:178,0
DA:179,0
DA:180,0
DA:182,0
DA:183,0
DA:184,0
DA:186,0
DA:187,0
DA:188,0
DA:189,0
DA:190,0
DA:191,0
DA:192,0
LF:106
LH:1
end_of_record
SF:lib/ui/screens/stats_screen.dart
DA:6,0
DA:10,0
DA:13,0
DA:19,0
DA:20,0
DA:21,0
DA:22,0
DA:23,0
DA:24,0
DA:28,0
DA:29,0
DA:30,0
DA:34,0
DA:35,0
DA:36,0
DA:37,0
DA:38,0
DA:39,0
DA:41,0
DA:43,0
DA:44,0
DA:45,0
DA:46,0
DA:47,0
DA:48,0
DA:50,0
DA:54,0
DA:57,0
DA:58,0
DA:59,0
DA:63,0
DA:64,0
DA:66,0
DA:70,0
DA:72,0
DA:74,0
DA:75,0
DA:76,0
DA:77,0
DA:79,0
DA:81,0
DA:82,0
DA:83,0
DA:84,0
DA:85,0
DA:86,0
DA:90,0
DA:113,0
DA:114,0
DA:115,0
DA:116,0
DA:117,0
DA:119,0
DA:120,0
DA:121,0
DA:122,0
DA:125,0
DA:126,0
DA:127,0
LF:59
LH:0
end_of_record
SF:lib/ui/screens/victory_screen.dart
DA:8,0
DA:10,0
DA:12,0
DA:13,0
DA:14,0
DA:15,0
DA:16,0
DA:17,0
DA:19,0
DA:22,0
DA:23,0
DA:24,0
DA:25,0
DA:26,0
DA:28,0
DA:29,0
LF:16
LH:0
end_of_record
SF:lib/ui/screens/grammar_list_screen.dart
DA:8,1
DA:10,1
DA:11,1
DA:22,1
DA:24,1
DA:25,1
DA:28,1
DA:29,2
DA:30,1
DA:31,1
DA:35,4
DA:36,1
DA:37,1
DA:38,4
DA:40,0
DA:41,0
DA:43,1
DA:44,2
DA:45,1
DA:50,0
DA:51,0
DA:52,0
DA:53,0
DA:55,0
DA:58,1
DA:60,1
DA:66,1
DA:67,0
DA:68,0
DA:69,0
DA:73,1
DA:74,1
DA:75,4
DA:76,1
DA:77,1
DA:78,1
DA:80,1
DA:81,1
DA:83,2
DA:84,3
DA:85,1
DA:90,1
DA:91,2
DA:92,1
DA:93,2
DA:94,1
DA:95,1
DA:96,1
DA:99,1
DA:101,1
DA:102,2
DA:103,1
DA:104,1
DA:106,3
DA:110,0
DA:111,0
DA:112,0
DA:114,0
DA:115,0
DA:117,0
DA:118,0
DA:121,0
DA:127,0
DA:130,0
DA:132,0
DA:139,1
DA:140,0
DA:141,0
DA:143,0
DA:144,0
LF:70
LH:45
end_of_record
SF:lib/ui/screens/home_screen.dart
DA:11,0
DA:16,0
DA:18,0
DA:23,0
DA:24,0
DA:25,0
DA:26,0
DA:27,0
DA:28,0
DA:31,0
DA:32,0
DA:33,0
DA:34,0
DA:36,0
DA:38,0
DA:39,0
DA:40,0
DA:41,0
DA:45,0
DA:48,0
DA:50,0
DA:51,0
DA:52,0
DA:53,0
DA:54,0
DA:55,0
DA:56,0
DA:62,0
DA:63,0
DA:65,0
DA:66,0
DA:67,0
DA:68,0
DA:70,0
DA:73,0
DA:75,0
DA:84,0
DA:85,0
DA:86,0
DA:87,0
DA:88,0
DA:90,0
DA:92,0
DA:93,0
DA:95,0
DA:96,0
DA:104,0
DA:105,0
DA:106,0
DA:108,0
DA:110,0
DA:111,0
DA:113,0
DA:114,0
DA:125,0
DA:127,0
DA:130,0
DA:131,0
DA:134,0
DA:135,0
DA:138,0
DA:139,0
DA:142,0
DA:143,0
DA:146,0
DA:147,0
DA:150,0
DA:155,0
DA:156,0
DA:161,0
DA:163,0
DA:164,0
DA:165,0
DA:166,0
DA:167,0
DA:168,0
DA:170,0
DA:171,0
DA:174,0
DA:175,0
DA:176,0
DA:177,0
DA:178,0
DA:179,0
DA:180,0
DA:181,0
DA:182,0
DA:184,0
DA:185,0
DA:195,0
DA:196,0
DA:197,0
DA:198,0
DA:199,0
DA:200,0
DA:201,0
DA:202,0
DA:206,0
DA:207,0
DA:212,0
DA:214,0
DA:216,0
DA:219,0
DA:220,0
DA:221,0
DA:222,0
DA:223,0
DA:224,0
DA:226,0
DA:228,0
DA:229,0
DA:230,0
DA:231,0
DA:233,0
DA:234,0
DA:235,0
DA:236,0
DA:254,0
DA:256,0
DA:258,0
DA:259,0
DA:260,0
DA:261,0
DA:262,0
DA:263,0
DA:264,0
DA:265,0
DA:266,0
DA:269,0
DA:271,0
DA:272,0
DA:274,0
DA:275,0
DA:276,0
DA:291,0
LF:135
LH:0
end_of_record
SF:lib/ui/screens/kanji_list_screen.dart
DA:12,0
DA:17,0
DA:21,0
DA:27,0
DA:28,0
DA:29,0
DA:30,0
DA:31,0
DA:32,0
DA:33,0
DA:35,0
DA:39,0
DA:41,0
DA:44,0
DA:45,0
DA:46,0
DA:48,0
DA:50,0
DA:51,0
DA:58,0
DA:59,0
DA:60,0
DA:61,0
DA:62,0
DA:65,0
DA:66,0
DA:67,0
DA:69,0
DA:72,0
DA:77,0
DA:78,0
DA:83,0
DA:84,0
DA:85,0
DA:86,0
DA:87,0
DA:88,0
DA:97,0
DA:99,0
LF:39
LH:0
end_of_record
SF:lib/ui/widgets/level_chip.dart
DA:7,0
DA:8,0
DA:10,0
DA:11,0
DA:12,0
DA:13,0
LF:6
LH:0
end_of_record
SF:lib/ui/widgets/kanji_tile.dart
DA:7,0
DA:9,0
DA:11,0
DA:12,0
DA:13,0
DA:14,0
DA:15,0
LF:7
LH:0
end_of_record
SF:lib/ui/screens/vocab_list_screen.dart
DA:12,0
DA:17,0
DA:21,0
DA:27,0
DA:28,0
DA:29,0
DA:30,0
DA:31,0
DA:32,0
DA:33,0
DA:35,0
DA:39,0
DA:41,0
DA:44,0
DA:45,0
DA:46,0
DA:48,0
DA:50,0
DA:51,0
DA:58,0
DA:59,0
DA:60,0
DA:61,0
DA:62,0
DA:66,0
DA:67,0
DA:68,0
DA:70,0
DA:73,0
DA:79,0
DA:81,0
DA:87,0
DA:88,0
DA:89,0
DA:90,0
DA:91,0
DA:100,0
DA:102,0
LF:38
LH:0
end_of_record
SF:lib/ui/screens/settings_screen.dart
DA:6,0
DA:10,0
DA:12,0
DA:13,0
DA:14,0
DA:15,0
DA:16,0
DA:19,0
DA:20,0
DA:22,0
DA:25,0
DA:26,0
DA:30,0
DA:32,0
DA:33,0
DA:40,0
DA:42,0
DA:47,0
DA:49,0
DA:50,0
DA:52,0
DA:53,0
DA:54,0
DA:56,0
DA:61,0
DA:63,0
DA:64,0
LF:27
LH:0
end_of_record
SF:lib/ui/widgets/vocab_tile.dart
DA:7,0
DA:8,0
DA:10,0
DA:11,0
DA:12,0
DA:13,0
DA:14,0
LF:7
LH:0
end_of_record
